<?xml version="1.0" encoding="UTF-8"?>
<!-- Generated by org.testng.reporters.JUnitReportReporter -->
<testsuite hostname="LAPTOP-D6EH55C7" failures="0" tests="1" name="TestCases.TestCase1" time="27.206" errors="0" timestamp="2023-05-13T23:52:59 IST" skipped="0">
  <testcase classname="TestCases.TestCase1" name="purchaseticket" time="27.206"/>
  <system-out/>
</testsuite> <!-- TestCases.TestCase1 -->
